src/App.tsx(1203,34): error TS2345: Argument of type 'unknown' is not assignable to parameter of type 'SetStateAction<any[]>'.
src/App.tsx(1340,30): error TS2345: Argument of type 'unknown' is not assignable to parameter of type 'SetStateAction<any[]>'.
src/App.tsx(1355,31): error TS7006: Parameter 'p' implicitly has an 'any' type.
src/App.tsx(1366,30): error TS2345: Argument of type 'unknown' is not assignable to parameter of type 'SetStateAction<any[]>'.
src/App.tsx(1392,30): error TS2345: Argument of type 'Set<string | null>' is not assignable to parameter of type 'SetStateAction<Set<string>>'.
  Type 'Set<string | null>' is not assignable to type 'Set<string>'.
    Type 'string | null' is not assignable to type 'string'.
      Type 'null' is not assignable to type 'string'.
src/App.tsx(2525,30): error TS2345: Argument of type '{ isOpen: true; progress: { current: number; total: any; stage: string; }; suggestions: null; error: null; }' is not assignable to parameter of type 'SetStateAction<CullingModalState>'.
  Property 'pathsToCull' is missing in type '{ isOpen: true; progress: { current: number; total: any; stage: string; }; suggestions: null; error: null; }' but required in type 'CullingModalState'.
src/App.tsx(2643,28): error TS2345: Argument of type 'Set<unknown>' is not assignable to parameter of type 'SetStateAction<Set<string>>'.
  Type 'Set<unknown>' is not assignable to type 'Set<string>'.
    Type 'unknown' is not assignable to type 'string'.
src/App.tsx(3449,44): error TS7006: Parameter 'p' implicitly has an 'any' type.
src/App.tsx(3449,87): error TS7006: Parameter 'a' implicitly has an 'any' type.
src/App.tsx(3449,90): error TS7006: Parameter 'b' implicitly has an 'any' type.
src/App.tsx(3690,15): error TS17001: JSX elements cannot have multiple attributes with the same name.
src/App.tsx(3692,15): error TS2322: Type '{ activeAiPatchContainerId: string | null; activeAiSubMaskId: string | null; activeMaskContainerId: string | null; activeMaskId: string | null; activeRightPanel: Panel | null; ... 46 more ...; isLoadingFullRes: boolean; }' is not assignable to type 'IntrinsicAttributes & EditorProps'.
  Property 'baseRenderSize' does not exist on type 'IntrinsicAttributes & EditorProps'.
src/components/panel/Editor.tsx(182,6): error TS7006: Parameter '_' implicitly has an 'any' type.
src/components/panel/editor/FullScreenViewer.tsx(115,13): error TS2322: Type '{ children: Element; doubleClick: any; limitToBounds: true; maxScale: number; minScale: number; onTransformed: (_: ReactZoomPanPinchRef, state: TransformState) => void; positionX: number; positionY: number; scale: number; }' is not assignable to type 'IntrinsicAttributes & Omit<ReactZoomPanPinchProps, "ref"> & RefAttributes<ReactZoomPanPinchContentRef>'.
  Property 'positionX' does not exist on type 'IntrinsicAttributes & Omit<ReactZoomPanPinchProps, "ref"> & RefAttributes<ReactZoomPanPinchContentRef>'. Did you mean 'minPositionX'?
src/components/panel/editor/ImageCanvas.tsx(333,23): error TS2683: 'this' implicitly has type 'any' because it does not have a type annotation.
src/components/panel/editor/ImageCanvas.tsx(1057,23): error TS2322: Type '"high-quality"' is not assignable to type 'ImageRendering | undefined'.
src/components/panel/MainLibrary.tsx(687,21): error TS2345: Argument of type '(prev: SortCriteria) => { key: string; label?: string; order: string; }' is not assignable to parameter of type 'SortCriteria'.
src/components/panel/MainLibrary.tsx(691,21): error TS2345: Argument of type '(prev: SortCriteria) => { order: SortDirection; key: string; label?: string; }' is not assignable to parameter of type 'SortCriteria'.
src/components/panel/MainLibrary.tsx(1100,13): error TS2322: Type 'string[] | null' is not assignable to type 'string[]'.
  Type 'null' is not assignable to type 'string[]'.
src/components/panel/MainLibrary.tsx(1156,26): error TS2709: Cannot use namespace 'List' as a type.
src/components/panel/MainLibrary.tsx(1655,32): error TS7031: Binding element 'scrollOffset' implicitly has an 'any' type.
src/components/panel/right/AIControls.tsx(196,11): error TS7053: Element implicitly has an 'any' type because expression of type 'any' can't be used to index type '{ centerX: number; centerY: number; radiusX: number; radiusY: number; rotation: number; feather: number; startX?: undefined; startY?: undefined; endX?: undefined; endY?: undefined; range?: undefined; lines?: undefined; maskDataBase64?: undefined; grow?: undefined; } | { ...; } | { ...; } | { ...; } | { ...; }'.
src/components/panel/right/AIPanel.tsx(185,11): error TS7053: Element implicitly has an 'any' type because expression of type 'any' can't be used to index type '{ centerX: number; centerY: number; radiusX: number; radiusY: number; rotation: number; feather: number; startX?: undefined; startY?: undefined; endX?: undefined; endY?: undefined; range?: undefined; lines?: undefined; maskDataBase64?: undefined; grow?: undefined; } | { ...; } | { ...; } | { ...; } | { ...; }'.
src/components/panel/right/Masks.tsx(106,5): error TS2322: Type 'null' is not assignable to type 'Mask'.
src/components/panel/right/Masks.tsx(185,5): error TS2322: Type 'null' is not assignable to type 'Mask'.
